<?xml version="1.0" encoding="UTF-8" ?>
<testsuite tests="7" failures="0" name="com.test.jacoco.test.HelloWorldTest" time="0.011" errors="0" skipped="0">
  <properties>
    <property name="java.runtime.name" value="Java(TM) SE Runtime Environment"/>
    <property name="sun.boot.library.path" value="E:\software\JAVA\jre\bin"/>
    <property name="java.vm.version" value="25.151-b12"/>
    <property name="java.vm.vendor" value="Oracle Corporation"/>
    <property name="maven.multiModuleProjectDirectory" value="D:\MF1\software analysis and testing\white box\White-Box-Testing--master"/>
    <property name="java.vendor.url" value="http://java.oracle.com/"/>
    <property name="path.separator" value=";"/>
    <property name="guice.disable.misplaced.annotation.check" value="true"/>
    <property name="java.vm.name" value="Java HotSpot(TM) Client VM"/>
    <property name="file.encoding.pkg" value="sun.io"/>
    <property name="user.script" value=""/>
    <property name="user.country" value="CN"/>
    <property name="sun.java.launcher" value="SUN_STANDARD"/>
    <property name="sun.os.patch.level" value=""/>
    <property name="java.vm.specification.name" value="Java Virtual Machine Specification"/>
    <property name="user.dir" value="D:\MF1\software analysis and testing\white box\White-Box-Testing--master"/>
    <property name="java.runtime.version" value="1.8.0_151-b12"/>
    <property name="java.awt.graphicsenv" value="sun.awt.Win32GraphicsEnvironment"/>
    <property name="java.endorsed.dirs" value="E:\software\JAVA\jre\lib\endorsed"/>
    <property name="os.arch" value="x86"/>
    <property name="java.io.tmpdir" value="C:\Users\Sunny\AppData\Local\Temp\"/>
    <property name="line.separator" value="
"/>
    <property name="java.vm.specification.vendor" value="Oracle Corporation"/>
    <property name="user.variant" value=""/>
    <property name="os.name" value="Windows 10"/>
    <property name="classworlds.conf" value="D:\MF1\software analysis and testing\white box\.metadata\.plugins\org.eclipse.m2e.launching\launches\m2conf13468166673950653934.tmp"/>
    <property name="sun.jnu.encoding" value="GBK"/>
    <property name="java.library.path" value="E:\software\JAVA\bin;C:\WINDOWS\Sun\Java\bin;C:\WINDOWS\system32;C:\WINDOWS;E:/software/Java13/jdk-13.0.1/bin/server;E:/software/Java13/jdk-13.0.1/bin;%JAVA_HOME%\bin;C:\Program Files (x86)\Common Files\Oracle\Java\javapath;C:\ProgramData\Oracle\Java\javapath;C:\Program Files (x86)\Intel\Intel(R) Management Engine Components\iCLS\;C:\Program Files\Intel\Intel(R) Management Engine Components\iCLS\;C:\Windows\system32;C:\Windows;C:\Windows\System32\Wbem;C:\Windows\System32\WindowsPowerShell\v1.0\;C:\Windows\System32\OpenSSH\;C:\Program Files (x86)\Intel\Intel(R) Management Engine Components\DAL;C:\Program Files\Intel\Intel(R) Management Engine Components\DAL;C:\Program Files (x86)\Intel\Intel(R) Management Engine Components\IPT;C:\Program Files\Intel\Intel(R) Management Engine Components\IPT;C:\Program Files (x86)\NVIDIA Corporation\PhysX\Common;C:\Program Files\Intel\WiFi\bin\;C:\Program Files\Common Files\Intel\WirelessCommon\;D:\work\project\PiGraphs\pigraphs-master\mLibExternal\libsWindows\dll64;D:\work\project\PiGraphs\apache-ant-1.10.5\bin;C:\Program Files\Microsoft SQL Server\110\Tools\Binn\;C:\Program Files (x86)\Windows Kits\8.1\Windows Performance Toolkit\;C:\WINDOWS\system32;C:\WINDOWS;C:\WINDOWS\System32\Wbem;C:\WINDOWS\System32\WindowsPowerShell\v1.0\;C:\WINDOWS\System32\OpenSSH\;E:\software\python;E:\software\python\Scripts;E:\software\go\bin;E:\software\maven\apache-maven-3.6.2\bin;E:\software\python\Scripts\;E:\software\python\;C:\Users\Sunny\AppData\Local\Microsoft\WindowsApps;D:\software\intellij\IntelliJ IDEA Community Edition 2018.3.5\bin;;E:\software\go\bin;C:\Users\Sunny\go\bin;;C:\Users\Sunny\Desktop;;."/>
    <property name="java.specification.name" value="Java Platform API Specification"/>
    <property name="java.class.version" value="52.0"/>
    <property name="sun.management.compiler" value="HotSpot Client Compiler"/>
    <property name="os.version" value="10.0"/>
    <property name="user.home" value="C:\Users\Sunny"/>
    <property name="user.timezone" value="Asia/Shanghai"/>
    <property name="java.awt.printerjob" value="sun.awt.windows.WPrinterJob"/>
    <property name="java.specification.version" value="1.8"/>
    <property name="file.encoding" value="GBK"/>
    <property name="user.name" value="Sunny"/>
    <property name="java.class.path" value="C:\Users\Sunny\.p2\pool\plugins\org.eclipse.m2e.maven.runtime_1.13.0.20190716-1623\jars\plexus-classworlds-2.6.0.jar"/>
    <property name="java.vm.specification.version" value="1.8"/>
    <property name="sun.arch.data.model" value="32"/>
    <property name="java.home" value="E:\software\JAVA\jre"/>
    <property name="sun.java.command" value="org.codehaus.plexus.classworlds.launcher.Launcher -B test"/>
    <property name="java.specification.vendor" value="Oracle Corporation"/>
    <property name="user.language" value="zh"/>
    <property name="awt.toolkit" value="sun.awt.windows.WToolkit"/>
    <property name="java.vm.info" value="mixed mode"/>
    <property name="java.version" value="1.8.0_151"/>
    <property name="java.ext.dirs" value="E:\software\JAVA\jre\lib\ext;C:\WINDOWS\Sun\Java\lib\ext"/>
    <property name="sun.boot.class.path" value="E:\software\JAVA\jre\lib\resources.jar;E:\software\JAVA\jre\lib\rt.jar;E:\software\JAVA\jre\lib\sunrsasign.jar;E:\software\JAVA\jre\lib\jsse.jar;E:\software\JAVA\jre\lib\jce.jar;E:\software\JAVA\jre\lib\charsets.jar;E:\software\JAVA\jre\lib\jfr.jar;E:\software\JAVA\jre\classes"/>
    <property name="java.vendor" value="Oracle Corporation"/>
    <property name="maven.home" value="D:\MF1\software analysis and testing\white box\White-Box-Testing--master\EMBEDDED"/>
    <property name="file.separator" value="\"/>
    <property name="java.vendor.url.bug" value="http://bugreport.sun.com/bugreport/"/>
    <property name="sun.cpu.endian" value="little"/>
    <property name="sun.io.unicode.encoding" value="UnicodeLittle"/>
    <property name="sun.desktop" value="windows"/>
    <property name="sun.cpu.isalist" value="pentium_pro+mmx pentium_pro pentium+mmx pentium i486 i386 i86"/>
  </properties>
  <testcase classname="com.test.jacoco.test.HelloWorldTest" name="testIsBirthday" time="0.011"/>
  <testcase classname="com.test.jacoco.test.HelloWorldTest" name="testIsTriangle" time="0"/>
  <testcase classname="com.test.jacoco.test.HelloWorldTest" name="testMethod1" time="0"/>
  <testcase classname="com.test.jacoco.test.HelloWorldTest" name="testMethod2" time="0"/>
  <testcase classname="com.test.jacoco.test.HelloWorldTest" name="testMethod3" time="0"/>
  <testcase classname="com.test.jacoco.test.HelloWorldTest" name="testMethod4" time="0"/>
  <testcase classname="com.test.jacoco.test.HelloWorldTest" name="testMiniCalculator" time="0"/>
</testsuite>